<?xml version="1.0" encoding="UTF-8"?>
<!-- Generated by org.testng.reporters.JUnitReportReporter -->
<testsuite skipped="0" hostname="de-aisn-4cvmpf2" name="Test.Xray.Jira.TestJira" tests="3" failures="0" timestamp="12 Jun 2018 11:41:25 GMT" time="0.009" errors="0">
  <testcase name="Test2" time="0.002" classname="Test.Xray.Jira.TestJira"/>
  <testcase name="Test3" time="0.001" classname="Test.Xray.Jira.TestJira"/>
  <testcase name="Test1" time="0.006" classname="Test.Xray.Jira.TestJira"/>
</testsuite> <!-- Test.Xray.Jira.TestJira -->
